<?xml version="1.0" encoding="UTF-8"?>
<!-- Generated by org.testng.reporters.JUnitXMLReporter -->
<testsuite ignored="0" hostname="AMALRAJUEDE5" failures="0" tests="4" name="Default test" time="0.546" errors="0" timestamp="2022-01-04T22:57:12 IST">
  <testcase classname="com.test.classes.FillingFormTest" name="@BeforeClass InvokeBrowser" time="0.408">
    <failure type="java.lang.NullPointerException" message="Cannot invoke &amp;quot;String.equalsIgnoreCase(String)&amp;quot; because &amp;quot;browsername&amp;quot; is null">
      <![CDATA[java.lang.NullPointerException: Cannot invoke "String.equalsIgnoreCase(String)" because "browsername" is null
at com.base.classes.BaseClass.validateBrowser(BaseClass.java:37)
at com.test.classes.FillingFormTest.InvokeBrowser(FillingFormTest.java:59)
at java.base/jdk.internal.reflect.NativeMethodAccessorImpl.invoke0(Native Method)
at java.base/jdk.internal.reflect.NativeMethodAccessorImpl.invoke(NativeMethodAccessorImpl.java:77)
at java.base/jdk.internal.reflect.DelegatingMethodAccessorImpl.invoke(DelegatingMethodAccessorImpl.java:43)
at java.base/java.lang.reflect.Method.invoke(Method.java:568)
at org.testng.internal.MethodInvocationHelper.invokeMethod(MethodInvocationHelper.java:132)
at org.testng.internal.MethodInvocationHelper.invokeMethodConsideringTimeout(MethodInvocationHelper.java:61)
at org.testng.internal.ConfigInvoker.invokeConfigurationMethod(ConfigInvoker.java:366)
at org.testng.internal.ConfigInvoker.invokeConfigurations(ConfigInvoker.java:320)
at org.testng.internal.TestMethodWorker.invokeBeforeClassMethods(TestMethodWorker.java:176)
at org.testng.internal.TestMethodWorker.run(TestMethodWorker.java:122)
at java.base/java.util.ArrayList.forEach(ArrayList.java:1511)
at org.testng.TestRunner.privateRun(TestRunner.java:764)
at org.testng.TestRunner.run(TestRunner.java:585)
at org.testng.SuiteRunner.runTest(SuiteRunner.java:384)
at org.testng.SuiteRunner.runSequentially(SuiteRunner.java:378)
at org.testng.SuiteRunner.privateRun(SuiteRunner.java:337)
at org.testng.SuiteRunner.run(SuiteRunner.java:286)
at org.testng.SuiteRunnerWorker.runSuite(SuiteRunnerWorker.java:53)
at org.testng.SuiteRunnerWorker.run(SuiteRunnerWorker.java:96)
at org.testng.TestNG.runSuitesSequentially(TestNG.java:1218)
at org.testng.TestNG.runSuitesLocally(TestNG.java:1140)
at org.testng.TestNG.runSuites(TestNG.java:1069)
at org.testng.TestNG.run(TestNG.java:1037)
at org.testng.remote.AbstractRemoteTestNG.run(AbstractRemoteTestNG.java:115)
at org.testng.remote.RemoteTestNG.initAndRun(RemoteTestNG.java:251)
at org.testng.remote.RemoteTestNG.main(RemoteTestNG.java:77)
]]>
    </failure>
  </testcase> <!-- @BeforeClass InvokeBrowser -->
  <testcase classname="com.test.classes.FillingFormTest" name="@AfterClass endTest" time="-1.641317232048E9">
    <skipped/>
  </testcase> <!-- @AfterClass endTest -->
  <testcase classname="com.test.classes.FillingFormTest" name="clickForEnterpriseTest" time="0.0">
    <skipped/>
  </testcase> <!-- clickForEnterpriseTest -->
  <testcase classname="com.test.classes.FillingFormTest" name="openFormTest" time="0.0">
    <skipped/>
  </testcase> <!-- openFormTest -->
  <testcase classname="com.test.classes.FillingFormTest" name="getDetailsTest" time="0.0">
    <skipped/>
  </testcase> <!-- getDetailsTest -->
  <testcase classname="com.test.classes.FillingFormTest" name="setDetailsTest" time="0.0">
    <skipped/>
  </testcase> <!-- setDetailsTest -->
</testsuite> <!-- Default test -->
