<?xml version="1.0" encoding="UTF-8"?>
<!-- Generated by org.testng.reporters.JUnitXMLReporter -->
<testsuite ignored="0" hostname="AMALRAJUEDE5" failures="0" tests="4" name="Test1" time="39.741" errors="0" timestamp="2022-01-04T14:15:27 IST">
  <testcase classname="com.test.classes.FillingFormTest" name="clickForEnterpriseTest" time="10.369"/>
  <testcase classname="com.test.classes.FillingFormTest" name="openFormTest" time="0.68"/>
  <testcase classname="com.test.classes.FillingFormTest" name="getDetailsTest" time="2.574"/>
  <testcase classname="com.test.classes.FillingFormTest" name="setDetailsTest" time="11.13"/>
</testsuite> <!-- Test1 -->
