<?xml version="1.0" encoding="UTF-8"?>
<!-- Generated by org.testng.reporters.JUnitXMLReporter -->
<testsuite ignored="0" hostname="AMALRAJUEDE5" failures="0" tests="11" name="Test" time="104.848" errors="0" timestamp="2022-01-04T20:35:19 IST">
  <testcase classname="com.test.classes.FillingFormTest" name="clickForEnterpriseTest" time="6.557"/>
  <testcase classname="com.test.classes.FillingFormTest" name="openFormTest" time="0.643"/>
  <testcase classname="com.test.classes.FillingFormTest" name="getDetailsTest" time="2.356"/>
  <testcase classname="com.test.classes.FillingFormTest" name="setDetailsTest" time="10.806"/>
  <testcase classname="com.test.classes.LanguageLearningTest" name="searchLanguageCourseTest" time="12.297"/>
  <testcase classname="com.test.classes.LanguageLearningTest" name="languageSelectTest" time="5.444"/>
  <testcase classname="com.test.classes.LanguageLearningTest" name="levelSelectTest" time="0.968"/>
  <testcase classname="com.test.classes.SearchCourseTest" name="enterCourseTest" time="9.663"/>
  <testcase classname="com.test.classes.SearchCourseTest" name="selectLevelTest" time="2.674"/>
  <testcase classname="com.test.classes.SearchCourseTest" name="checkFirstCourse" time="8.278"/>
  <testcase classname="com.test.classes.SearchCourseTest" name="checkSecondCourse" time="5.295"/>
</testsuite> <!-- Test -->
