<?xml version="1.0" encoding="UTF-8"?>
<!-- Generated by org.testng.reporters.JUnitXMLReporter -->
<testsuite ignored="0" hostname="AMALRAJUEDE5" failures="0" tests="3" name="Test2" time="37.537" errors="0" timestamp="2022-01-04T14:16:05 IST">
  <testcase classname="com.test.classes.LanguageLearningTest" name="searchLanguageCourseTest" time="12.973"/>
  <testcase classname="com.test.classes.LanguageLearningTest" name="languageSelectTest" time="7.125"/>
  <testcase classname="com.test.classes.LanguageLearningTest" name="levelSelectTest" time="1.548"/>
</testsuite> <!-- Test2 -->
