<?xml version="1.0" encoding="UTF-8"?>
<!-- Generated by org.testng.reporters.JUnitXMLReporter -->
<testsuite ignored="0" hostname="AMALRAJUEDE5" failures="0" tests="11" name="Test3" time="111.347" errors="0" timestamp="2022-01-04T19:30:49 IST">
  <testcase classname="com.test.classes.FillingFormTest" name="clickForEnterpriseTest" time="9.619"/>
  <testcase classname="com.test.classes.FillingFormTest" name="openFormTest" time="0.455"/>
  <testcase classname="com.test.classes.FillingFormTest" name="getDetailsTest" time="1.859"/>
  <testcase classname="com.test.classes.FillingFormTest" name="setDetailsTest" time="9.339"/>
  <testcase classname="com.test.classes.SearchCourseTest" name="enterCourseTest" time="10.711"/>
  <testcase classname="com.test.classes.SearchCourseTest" name="selectLevelTest" time="2.338"/>
  <testcase classname="com.test.classes.SearchCourseTest" name="checkFirstCourse" time="7.542"/>
  <testcase classname="com.test.classes.SearchCourseTest" name="checkSecondCourse" time="4.804"/>
  <testcase classname="com.test.classes.LanguageLearningTest" name="searchLanguageCourseTest" time="11.465"/>
  <testcase classname="com.test.classes.LanguageLearningTest" name="languageSelectTest" time="5.796"/>
  <testcase classname="com.test.classes.LanguageLearningTest" name="levelSelectTest" time="0.985"/>
</testsuite> <!-- Test3 -->
