<?xml version="1.0" encoding="UTF-8"?>
<!-- Generated by org.testng.reporters.JUnitXMLReporter -->
<testsuite ignored="0" hostname="AMALRAJUEDE5" failures="0" tests="11" name="Test" time="98.218" errors="0" timestamp="2022-01-04T20:42:10 IST">
  <testcase classname="com.test.classes.FillingFormTest" name="clickForEnterpriseTest" time="1.422"/>
  <testcase classname="com.test.classes.FillingFormTest" name="openFormTest" time="1.868"/>
  <testcase classname="com.test.classes.FillingFormTest" name="getDetailsTest" time="1.531"/>
  <testcase classname="com.test.classes.FillingFormTest" name="setDetailsTest" time="9.904"/>
  <testcase classname="com.test.classes.LanguageLearningTest" name="searchLanguageCourseTest" time="11.451"/>
  <testcase classname="com.test.classes.LanguageLearningTest" name="languageSelectTest" time="5.598"/>
  <testcase classname="com.test.classes.LanguageLearningTest" name="levelSelectTest" time="1.13"/>
  <testcase classname="com.test.classes.SearchCourseTest" name="enterCourseTest" time="9.541"/>
  <testcase classname="com.test.classes.SearchCourseTest" name="selectLevelTest" time="2.469"/>
  <testcase classname="com.test.classes.SearchCourseTest" name="checkFirstCourse" time="7.4"/>
  <testcase classname="com.test.classes.SearchCourseTest" name="checkSecondCourse" time="4.849"/>
</testsuite> <!-- Test -->
