<?xml version="1.0" encoding="UTF-8"?>
<!-- Generated by org.testng.reporters.JUnitReportReporter -->
<testsuite skipped="0" hostname="AMALRAJUEDE5" name="com.test.classes.LanguageLearningTest" tests="3" failures="0" timestamp="2022-01-05T15:56:28 IST" time="29.029" errors="0">
  <testcase name="searchLanguageCourseTest" time="15.318" classname="com.test.classes.LanguageLearningTest"/>
  <system-out/>
  <testcase name="languageSelectTest" time="10.777" classname="com.test.classes.LanguageLearningTest"/>
  <system-out>
English
(1182)
Russian
(624)
Spanish
(614)
French
(570)
Portuguese (Portugal)
(547)
German
(481)
Arabic
(479)
Vietnamese
(472)
Italian
(460)
Korean
(137)
Chinese (China)
(118)
Portuguese (Brazil)
(66)
Turkish
(55)
Japanese
(53)
Persian
(42)
Chinese (Traditional)
(23)
Greek
(21)
Ukrainian
(18)
Thai
(17)
Hindi
(13)
Afrikaans
(12)
Urdu
(12)
Polish
(8)
Dutch
(7)
Hebrew
(7)
Hungarian
(7)
Catalan
(6)
Indonesian
(6)
Mongolian
(6)
Romanian
(6)
Javanese
(5)
Portuguese
(5)
Serbian
(5)
Slovak
(5)
Tamil
(5)
Albanian
(4)
Bengali
(4)
Czech
(3)
Estonian
(3)
Swedish
(3)
Telugu
(3)
Burmese
(2)
Georgian
(2)
Lithuanian
(2)
Uzbek
(2)
Bulgarian
(1)
Kazakh
(1)
Marathi
(1)
Nepali
(1)
Russian (Russia)
(1)  </system-out>
  <testcase name="levelSelectTest" time="2.934" classname="com.test.classes.LanguageLearningTest"/>
  <system-out/>
</testsuite> <!-- com.test.classes.LanguageLearningTest -->
