<?xml version="1.0" encoding="UTF-8"?>
<!-- Generated by org.testng.reporters.JUnitXMLReporter -->
<testsuite ignored="6" hostname="AMALRAJUEDE5" failures="0" tests="5" name="Test" time="82.51" errors="0" timestamp="2022-01-04T20:23:48 IST">
  <testcase classname="com.test.classes.FillingFormTest" name="clickForEnterpriseTest" time="9.418"/>
  <testcase classname="com.test.classes.FillingFormTest" name="openFormTest" time="0.446"/>
  <testcase classname="com.test.classes.SearchCourseTest" name="enterCourseTest" time="9.766"/>
  <testcase classname="com.test.classes.SearchCourseTest" name="selectLevelTest" time="2.954"/>
  <testcase classname="com.test.classes.LanguageLearningTest" name="searchLanguageCourseTest" time="18.251"/>
  <testcase classname="com.test.classes.FillingFormTest" name="setDetailsTest" time="0.0">
    <ignored/>
  </testcase> <!-- setDetailsTest -->
  <testcase classname="com.test.classes.SearchCourseTest" name="checkSecondCourse" time="0.0">
    <ignored/>
  </testcase> <!-- checkSecondCourse -->
  <testcase classname="com.test.classes.SearchCourseTest" name="checkFirstCourse" time="0.0">
    <ignored/>
  </testcase> <!-- checkFirstCourse -->
  <testcase classname="com.test.classes.FillingFormTest" name="getDetailsTest" time="0.0">
    <ignored/>
  </testcase> <!-- getDetailsTest -->
  <testcase classname="com.test.classes.LanguageLearningTest" name="levelSelectTest" time="0.0">
    <ignored/>
  </testcase> <!-- levelSelectTest -->
  <testcase classname="com.test.classes.LanguageLearningTest" name="languageSelectTest" time="0.0">
    <ignored/>
  </testcase> <!-- languageSelectTest -->
</testsuite> <!-- Test -->
